2018-06-26 16:51:51,253 INFO o.a.j.u.JMeterUtils: Setting Locale to zh_CN
2018-06-26 16:51:51,272 INFO o.a.j.JMeter: Loading user properties from: /Users/qiong.liu/Downloads/apache-jmeter-3-1.3/bin/user.properties
2018-06-26 16:51:51,273 INFO o.a.j.JMeter: Loading system properties from: /Users/qiong.liu/Downloads/apache-jmeter-3-1.3/bin/system.properties
2018-06-26 16:51:51,282 INFO o.a.j.JMeter: Copyright (c) 1998-2017 The Apache Software Foundation
2018-06-26 16:51:51,282 INFO o.a.j.JMeter: Version 3.3 r1808647
2018-06-26 16:51:51,283 INFO o.a.j.JMeter: java.version=1.8.0_101
2018-06-26 16:51:51,283 INFO o.a.j.JMeter: java.vm.name=Java HotSpot(TM) 64-Bit Server VM
2018-06-26 16:51:51,283 INFO o.a.j.JMeter: os.name=Mac OS X
2018-06-26 16:51:51,283 INFO o.a.j.JMeter: os.arch=x86_64
2018-06-26 16:51:51,283 INFO o.a.j.JMeter: os.version=10.13.2
2018-06-26 16:51:51,283 INFO o.a.j.JMeter: file.encoding=UTF-8
2018-06-26 16:51:51,283 INFO o.a.j.JMeter: Max memory     =536870912
2018-06-26 16:51:51,284 INFO o.a.j.JMeter: Available Processors =4
2018-06-26 16:51:51,294 INFO o.a.j.JMeter: Default Locale=中文 (中国)
2018-06-26 16:51:51,294 INFO o.a.j.JMeter: JMeter  Locale=中文 (中国)
2018-06-26 16:51:51,294 INFO o.a.j.JMeter: JMeterHome=/Users/qiong.liu/Downloads/apache-jmeter-3-1.3
2018-06-26 16:51:51,294 INFO o.a.j.JMeter: user.dir  =/Users/qiong.liu/IdeaProjects/JavaCodeLearning
2018-06-26 16:51:51,295 INFO o.a.j.JMeter: PWD       =/Users/qiong.liu/IdeaProjects/JavaCodeLearning
2018-06-26 16:51:51,445 INFO o.a.j.JMeter: IP: 169.254.56.208 Name: liuqiong.local FullName: liuqiong.local
2018-06-26 16:51:53,856 INFO o.a.j.g.a.LookAndFeelCommand: Using look and feel: com.apple.laf.AquaLookAndFeel [Mac OS X, System]
2018-06-26 16:51:53,872 INFO o.a.j.JMeter: Loaded icon properties from org/apache/jmeter/images/icon.properties
2018-06-26 16:51:55,870 INFO o.a.j.e.u.CompoundVariable: Note: Function class names must contain the string: '.functions.'
2018-06-26 16:51:55,870 INFO o.a.j.e.u.CompoundVariable: Note: Function class names must not contain the string: '.gui.'
2018-06-26 16:51:57,369 WARN o.j.r.PluginManager: Found JAR conflict: /Users/qiong.liu/Downloads/apache-jmeter-3-1.3/lib/asm-5.2.jar and /Users/qiong.liu/Downloads/apache-jmeter-3-1.3/lib/asm-1.0.2.jar
2018-06-26 16:51:57,372 WARN o.j.r.PluginManager: Found JAR conflict: /Users/qiong.liu/Downloads/apache-jmeter-3-1.3/lib/ext/jmeter-plugins-cmn-jmeter-0.4.jar and /Users/qiong.liu/Downloads/apache-jmeter-3-1.3/lib/jmeter-plugins-cmn-jmeter-0.4.jar
2018-06-26 16:51:57,373 WARN o.j.r.PluginManager: Found JAR conflict: /Users/qiong.liu/Downloads/apache-jmeter-3-1.3/lib/ext/jmeter-plugins-json-2.6.jar and /Users/qiong.liu/Downloads/apache-jmeter-3-1.3/lib/jmeter-plugins-json-2.6.jar
2018-06-26 16:51:58,492 INFO o.a.j.g.u.MenuFactory: Skipping org.apache.jmeter.assertions.BSFAssertion
2018-06-26 16:51:59,145 INFO o.a.j.g.u.MenuFactory: Skipping org.apache.jmeter.extractor.BSFPostProcessor
2018-06-26 16:51:59,199 INFO o.a.j.g.u.MenuFactory: Skipping org.apache.jmeter.modifiers.BSFPreProcessor
2018-06-26 16:51:59,259 INFO o.a.j.p.h.s.HTTPSamplerBase: Parser for text/html is org.apache.jmeter.protocol.http.parser.LagartoBasedHtmlParser
2018-06-26 16:51:59,259 INFO o.a.j.p.h.s.HTTPSamplerBase: Parser for application/xhtml+xml is org.apache.jmeter.protocol.http.parser.LagartoBasedHtmlParser
2018-06-26 16:51:59,260 INFO o.a.j.p.h.s.HTTPSamplerBase: Parser for application/xml is org.apache.jmeter.protocol.http.parser.LagartoBasedHtmlParser
2018-06-26 16:51:59,260 INFO o.a.j.p.h.s.HTTPSamplerBase: Parser for text/xml is org.apache.jmeter.protocol.http.parser.LagartoBasedHtmlParser
2018-06-26 16:51:59,260 INFO o.a.j.p.h.s.HTTPSamplerBase: Parser for text/vnd.wap.wml is org.apache.jmeter.protocol.http.parser.RegexpHTMLParser
2018-06-26 16:51:59,260 INFO o.a.j.p.h.s.HTTPSamplerBase: Parser for text/css is org.apache.jmeter.protocol.http.parser.CssParser
2018-06-26 16:51:59,811 INFO o.a.j.e.KeyToolUtils: keytool found at 'keytool'
2018-06-26 16:51:59,812 INFO o.a.j.p.h.p.ProxyControl: HTTP(S) Test Script Recorder SSL Proxy will use keys that support embedded 3rd party resources in file /Users/qiong.liu/Downloads/apache-jmeter-3-1.3/bin/proxyserver.jks
2018-06-26 16:52:00,022 INFO o.a.j.g.u.MenuFactory: Skipping org.apache.jmeter.protocol.java.sampler.BSFSampler
2018-06-26 16:52:00,090 INFO o.a.j.s.FileServer: Default base='/Users/qiong.liu/IdeaProjects/JavaCodeLearning'
2018-06-26 16:52:00,230 INFO o.a.j.g.u.MenuFactory: Skipping org.apache.jmeter.protocol.mongodb.config.MongoSourceElement
2018-06-26 16:52:00,230 INFO o.a.j.g.u.MenuFactory: Skipping org.apache.jmeter.protocol.mongodb.sampler.MongoScriptSampler
2018-06-26 16:52:00,522 INFO o.a.j.g.u.MenuFactory: Skipping org.apache.jmeter.timers.BSFTimer
2018-06-26 16:52:00,635 INFO o.a.j.g.u.MenuFactory: Skipping org.apache.jmeter.visualizers.BSFListener
2018-06-26 16:52:00,852 INFO o.a.j.s.SampleResult: Note: Sample TimeStamps are START times
2018-06-26 16:52:00,853 INFO o.a.j.s.SampleResult: sampleresult.default.encoding is set to ISO-8859-1
2018-06-26 16:52:00,853 INFO o.a.j.s.SampleResult: sampleresult.useNanoTime=true
2018-06-26 16:52:00,853 INFO o.a.j.s.SampleResult: sampleresult.nanoThreadSleep=5000
2018-06-26 16:52:00,875 INFO o.j.r.PluginManager: Plugins Status: [jpgc-dummy=0.2, jpgc-json=2.6, jpgc-plugins-manager=0.20, jmeter-core=3.3, jmeter-ftp=3.3, jmeter-http=3.3, jmeter-jdbc=3.3, jmeter-jms=3.3, jmeter-junit=3.3, jmeter-java=3.3, jmeter-ldap=3.3, jmeter-mail=3.3, jmeter-mongodb=3.3, jmeter-native=3.3, jmeter-tcp=3.3, jmeter-components=3.3]
2018-06-26 16:52:00,878 INFO o.j.r.PluginManagerMenuItem: Plugins Manager has upgrades: [jpgc-plugins-manager]
2018-06-26 16:56:42,596 INFO o.a.j.g.a.Load: Loading file: /Users/qiong.liu/Downloads/apache-jmeter-3-1.3/Demo/ids.jmx
2018-06-26 16:56:42,598 INFO o.a.j.s.FileServer: Set new base='/Users/qiong.liu/Downloads/apache-jmeter-3-1.3/Demo'
2018-06-26 16:56:42,963 INFO o.a.j.s.SaveService: Testplan (JMX) version: 2.2. Testlog (JTL) version: 2.2
2018-06-26 16:56:42,973 INFO o.a.j.s.SaveService: Using SaveService properties file encoding UTF-8
2018-06-26 16:56:42,976 INFO o.a.j.s.SaveService: Using SaveService properties version 3.2
2018-06-26 16:56:42,980 INFO o.a.j.s.SaveService: Loading file: /Users/qiong.liu/Downloads/apache-jmeter-3-1.3/Demo/ids.jmx
2018-06-26 16:56:43,504 INFO o.a.j.s.FileServer: Set new base='/Users/qiong.liu/Downloads/apache-jmeter-3-1.3/Demo'
